# JRE version: OpenJDK Runtime Environment Temurin-17.0.8.1+1 (17.0.8.1+1) (build 17.0.8.1+1)
# Java VM: OpenJDK 64-Bit Server VM Temurin-17.0.8.1+1 (17.0.8.1+1, mixed mode, tiered, compressed oops, compressed class ptrs, parallel gc, windows-amd64)
GC Precious Log:
 CPUs: 8 total, 8 available
 Memory: 16263M
 Large Page Support: Disabled
 NUMA Support: Disabled
 Compressed Oops: Enabled (32-bit)
 Alignments: Space 512K, Generation 512K, Heap 2M
 Heap Min Capacity: 100M
 Heap Initial Capacity: 100M
 Heap Max Capacity: 1G
 Pre-touch: Disabled
 Parallel Workers: 8
Heap:
 PSYoungGen      total 15872K, used 10656K [0x00000000eab00000, 0x00000000ebc00000, 0x0000000100000000)
  eden space 14848K, 67% used [0x00000000eab00000,0x00000000eb4ce298,0x00000000eb980000)
  from space 1024K, 60% used [0x00000000ebb00000,0x00000000ebb9a0a8,0x00000000ebc00000)
  to   space 1024K, 0% used [0x00000000eba00000,0x00000000eba00000,0x00000000ebb00000)
 ParOldGen       total 68608K, used 47711K [0x00000000c0000000, 0x00000000c4300000, 0x00000000eab00000)
  object space 68608K, 69% used [0x00000000c0000000,0x00000000c2e97da0,0x00000000c4300000)
 Metaspace       used 68975K, committed 70016K, reserved 1114112K
  class space    used 8343K, committed 8768K, reserved 1048576K
GC Heap History (20 events):
Event: 17.211 GC heap before
{Heap before GC invocations=36 (full 3):
 PSYoungGen      total 16384K, used 16256K [0x00000000eab00000, 0x00000000ec000000, 0x0000000100000000)
  eden space 14848K, 100% used [0x00000000eab00000,0x00000000eb980000,0x00000000eb980000)
  from space 1536K, 91% used [0x00000000ebe80000,0x00000000ebfe0010,0x00000000ec000000)
  to   space 1536K, 0% used [0x00000000ebd00000,0x00000000ebd00000,0x00000000ebe80000)
 ParOldGen       total 68608K, used 37111K [0x00000000c0000000, 0x00000000c4300000, 0x00000000eab00000)
  object space 68608K, 54% used [0x00000000c0000000,0x00000000c243df58,0x00000000c4300000)
 Metaspace       used 63983K, committed 64960K, reserved 1114112K
  class space    used 7832K, committed 8256K, reserved 1048576K
}
Event: 17.214 GC heap after
{Heap after GC invocations=36 (full 3):
 PSYoungGen      total 16384K, used 1504K [0x00000000eab00000, 0x00000000ec080000, 0x0000000100000000)
  eden space 14848K, 0% used [0x00000000eab00000,0x00000000eab00000,0x00000000eb980000)
  from space 1536K, 97% used [0x00000000ebd00000,0x00000000ebe78010,0x00000000ebe80000)
  to   space 2048K, 0% used [0x00000000ebe80000,0x00000000ebe80000,0x00000000ec080000)
 ParOldGen       total 68608K, used 38583K [0x00000000c0000000, 0x00000000c4300000, 0x00000000eab00000)
  object space 68608K, 56% used [0x00000000c0000000,0x00000000c25adf68,0x00000000c4300000)
 Metaspace       used 63983K, committed 64960K, reserved 1114112K
  class space    used 7832K, committed 8256K, reserved 1048576K
}
Event: 17.250 GC heap before
{Heap before GC invocations=37 (full 3):
 PSYoungGen      total 16384K, used 16352K [0x00000000eab00000, 0x00000000ec080000, 0x0000000100000000)
  eden space 14848K, 100% used [0x00000000eab00000,0x00000000eb980000,0x00000000eb980000)
  from space 1536K, 97% used [0x00000000ebd00000,0x00000000ebe78010,0x00000000ebe80000)
  to   space 2048K, 0% used [0x00000000ebe80000,0x00000000ebe80000,0x00000000ec080000)
 ParOldGen       total 68608K, used 38583K [0x00000000c0000000, 0x00000000c4300000, 0x00000000eab00000)
  object space 68608K, 56% used [0x00000000c0000000,0x00000000c25adf68,0x00000000c4300000)
 Metaspace       used 63983K, committed 64960K, reserved 1114112K
  class space    used 7832K, committed 8256K, reserved 1048576K
}
Event: 17.253 GC heap after
{Heap after GC invocations=37 (full 3):
 PSYoungGen      total 16384K, used 1408K [0x00000000eab00000, 0x00000000ec000000, 0x0000000100000000)
  eden space 14848K, 0% used [0x00000000eab00000,0x00000000eab00000,0x00000000eb980000)
  from space 1536K, 91% used [0x00000000ebe80000,0x00000000ebfe0000,0x00000000ec000000)
  to   space 2048K, 0% used [0x00000000ebc00000,0x00000000ebc00000,0x00000000ebe00000)
 ParOldGen       total 68608K, used 40119K [0x00000000c0000000, 0x00000000c4300000, 0x00000000eab00000)
  object space 68608K, 58% used [0x00000000c0000000,0x00000000c272dd30,0x00000000c4300000)
 Metaspace       used 63983K, committed 64960K, reserved 1114112K
  class space    used 7832K, committed 8256K, reserved 1048576K
}
Event: 17.292 GC heap before
{Heap before GC invocations=38 (full 3):
 PSYoungGen      total 16384K, used 16256K [0x00000000eab00000, 0x00000000ec000000, 0x0000000100000000)
  eden space 14848K, 100% used [0x00000000eab00000,0x00000000eb980000,0x00000000eb980000)
  from space 1536K, 91% used [0x00000000ebe80000,0x00000000ebfe0000,0x00000000ec000000)
  to   space 2048K, 0% used [0x00000000ebc00000,0x00000000ebc00000,0x00000000ebe00000)
 ParOldGen       total 68608K, used 40119K [0x00000000c0000000, 0x00000000c4300000, 0x00000000eab00000)
  object space 68608K, 58% used [0x00000000c0000000,0x00000000c272dd30,0x00000000c4300000)
 Metaspace       used 63983K, committed 64960K, reserved 1114112K
  class space    used 7832K, committed 8256K, reserved 1048576K
}
Event: 17.296 GC heap after
{Heap after GC invocations=38 (full 3):
 PSYoungGen      total 16384K, used 1472K [0x00000000eab00000, 0x00000000ebf00000, 0x0000000100000000)
  eden space 14848K, 0% used [0x00000000eab00000,0x00000000eab00000,0x00000000eb980000)
  from space 1536K, 95% used [0x00000000ebc00000,0x00000000ebd70000,0x00000000ebd80000)
  to   space 1536K, 0% used [0x00000000ebd80000,0x00000000ebd80000,0x00000000ebf00000)
 ParOldGen       total 68608K, used 41463K [0x00000000c0000000, 0x00000000c4300000, 0x00000000eab00000)
  object space 68608K, 60% used [0x00000000c0000000,0x00000000c287dd30,0x00000000c4300000)
 Metaspace       used 63983K, committed 64960K, reserved 1114112K
  class space    used 7832K, committed 8256K, reserved 1048576K
}
Event: 17.338 GC heap before
{Heap before GC invocations=39 (full 3):
 PSYoungGen      total 16384K, used 16320K [0x00000000eab00000, 0x00000000ebf00000, 0x0000000100000000)
  eden space 14848K, 100% used [0x00000000eab00000,0x00000000eb980000,0x00000000eb980000)
  from space 1536K, 95% used [0x00000000ebc00000,0x00000000ebd70000,0x00000000ebd80000)
  to   space 1536K, 0% used [0x00000000ebd80000,0x00000000ebd80000,0x00000000ebf00000)
 ParOldGen       total 68608K, used 41463K [0x00000000c0000000, 0x00000000c4300000, 0x00000000eab00000)
  object space 68608K, 60% used [0x00000000c0000000,0x00000000c287dd30,0x00000000c4300000)
 Metaspace       used 63983K, committed 64960K, reserved 1114112K
  class space    used 7832K, committed 8256K, reserved 1048576K
}
Event: 17.342 GC heap after
{Heap after GC invocations=39 (full 3):
 PSYoungGen      total 16384K, used 1504K [0x00000000eab00000, 0x00000000ec080000, 0x0000000100000000)
  eden space 14848K, 0% used [0x00000000eab00000,0x00000000eab00000,0x00000000eb980000)
  from space 1536K, 97% used [0x00000000ebd80000,0x00000000ebef8010,0x00000000ebf00000)
  to   space 3584K, 0% used [0x00000000eb980000,0x00000000eb980000,0x00000000ebd00000)
 ParOldGen       total 68608K, used 42871K [0x00000000c0000000, 0x00000000c4300000, 0x00000000eab00000)
  object space 68608K, 62% used [0x00000000c0000000,0x00000000c29ddd30,0x00000000c4300000)
 Metaspace       used 63983K, committed 64960K, reserved 1114112K
  class space    used 7832K, committed 8256K, reserved 1048576K
}
Event: 17.387 GC heap before
{Heap before GC invocations=40 (full 3):
 PSYoungGen      total 16384K, used 16352K [0x00000000eab00000, 0x00000000ec080000, 0x0000000100000000)
  eden space 14848K, 100% used [0x00000000eab00000,0x00000000eb980000,0x00000000eb980000)
  from space 1536K, 97% used [0x00000000ebd80000,0x00000000ebef8010,0x00000000ebf00000)
  to   space 3584K, 0% used [0x00000000eb980000,0x00000000eb980000,0x00000000ebd00000)
 ParOldGen       total 68608K, used 42871K [0x00000000c0000000, 0x00000000c4300000, 0x00000000eab00000)
  object space 68608K, 62% used [0x00000000c0000000,0x00000000c29ddd30,0x00000000c4300000)
 Metaspace       used 63983K, committed 64960K, reserved 1114112K
  class space    used 7832K, committed 8256K, reserved 1048576K
}
Event: 17.390 GC heap after
{Heap after GC invocations=40 (full 3):
 PSYoungGen      total 16384K, used 1248K [0x00000000eab00000, 0x00000000ebe00000, 0x0000000100000000)
  eden space 14848K, 0% used [0x00000000eab00000,0x00000000eab00000,0x00000000eb980000)
  from space 1536K, 81% used [0x00000000eb980000,0x00000000ebab8000,0x00000000ebb00000)
  to   space 2048K, 0% used [0x00000000ebc00000,0x00000000ebc00000,0x00000000ebe00000)
 ParOldGen       total 68608K, used 44375K [0x00000000c0000000, 0x00000000c4300000, 0x00000000eab00000)
  object space 68608K, 64% used [0x00000000c0000000,0x00000000c2b55d40,0x00000000c4300000)
 Metaspace       used 63983K, committed 64960K, reserved 1114112K
  class space    used 7832K, committed 8256K, reserved 1048576K
}
Event: 18.003 GC heap before
{Heap before GC invocations=41 (full 3):
 PSYoungGen      total 16384K, used 16096K [0x00000000eab00000, 0x00000000ebe00000, 0x0000000100000000)
  eden space 14848K, 100% used [0x00000000eab00000,0x00000000eb980000,0x00000000eb980000)
  from space 1536K, 81% used [0x00000000eb980000,0x00000000ebab8000,0x00000000ebb00000)
  to   space 2048K, 0% used [0x00000000ebc00000,0x00000000ebc00000,0x00000000ebe00000)
 ParOldGen       total 68608K, used 44375K [0x00000000c0000000, 0x00000000c4300000, 0x00000000eab00000)
  object space 68608K, 64% used [0x00000000c0000000,0x00000000c2b55d40,0x00000000c4300000)
 Metaspace       used 64605K, committed 65600K, reserved 1114112K
  class space    used 7882K, committed 8320K, reserved 1048576K
}
Event: 18.007 GC heap after
{Heap after GC invocations=41 (full 3):
 PSYoungGen      total 16384K, used 1280K [0x00000000eab00000, 0x00000000ebd80000, 0x0000000100000000)
  eden space 14848K, 0% used [0x00000000eab00000,0x00000000eab00000,0x00000000eb980000)
  from space 1536K, 83% used [0x00000000ebc00000,0x00000000ebd40000,0x00000000ebd80000)
  to   space 1536K, 0% used [0x00000000eb980000,0x00000000eb980000,0x00000000ebb00000)
 ParOldGen       total 68608K, used 45546K [0x00000000c0000000, 0x00000000c4300000, 0x00000000eab00000)
  object space 68608K, 66% used [0x00000000c0000000,0x00000000c2c7a918,0x00000000c4300000)
 Metaspace       used 64605K, committed 65600K, reserved 1114112K
  class space    used 7882K, committed 8320K, reserved 1048576K
}
Event: 18.721 GC heap before
{Heap before GC invocations=42 (full 3):
 PSYoungGen      total 16384K, used 16128K [0x00000000eab00000, 0x00000000ebd80000, 0x0000000100000000)
  eden space 14848K, 100% used [0x00000000eab00000,0x00000000eb980000,0x00000000eb980000)
  from space 1536K, 83% used [0x00000000ebc00000,0x00000000ebd40000,0x00000000ebd80000)
  to   space 1536K, 0% used [0x00000000eb980000,0x00000000eb980000,0x00000000ebb00000)
 ParOldGen       total 68608K, used 45546K [0x00000000c0000000, 0x00000000c4300000, 0x00000000eab00000)
  object space 68608K, 66% used [0x00000000c0000000,0x00000000c2c7a918,0x00000000c4300000)
 Metaspace       used 64814K, committed 65728K, reserved 1114112K
  class space    used 7903K, committed 8320K, reserved 1048576K
}
Event: 18.723 GC heap after
{Heap after GC invocations=42 (full 3):
 PSYoungGen      total 16384K, used 256K [0x00000000eab00000, 0x00000000ebc80000, 0x0000000100000000)
  eden space 14848K, 0% used [0x00000000eab00000,0x00000000eab00000,0x00000000eb980000)
  from space 1536K, 16% used [0x00000000eb980000,0x00000000eb9c0000,0x00000000ebb00000)
  to   space 1024K, 0% used [0x00000000ebb80000,0x00000000ebb80000,0x00000000ebc80000)
 ParOldGen       total 68608K, used 46714K [0x00000000c0000000, 0x00000000c4300000, 0x00000000eab00000)
  object space 68608K, 68% used [0x00000000c0000000,0x00000000c2d9e928,0x00000000c4300000)
 Metaspace       used 64814K, committed 65728K, reserved 1114112K
  class space    used 7903K, committed 8320K, reserved 1048576K
}
Event: 19.008 GC heap before
{Heap before GC invocations=43 (full 3):
 PSYoungGen      total 16384K, used 15104K [0x00000000eab00000, 0x00000000ebc80000, 0x0000000100000000)
  eden space 14848K, 100% used [0x00000000eab00000,0x00000000eb980000,0x00000000eb980000)
  from space 1536K, 16% used [0x00000000eb980000,0x00000000eb9c0000,0x00000000ebb00000)
  to   space 1024K, 0% used [0x00000000ebb80000,0x00000000ebb80000,0x00000000ebc80000)
 ParOldGen       total 68608K, used 46714K [0x00000000c0000000, 0x00000000c4300000, 0x00000000eab00000)
  object space 68608K, 68% used [0x00000000c0000000,0x00000000c2d9e928,0x00000000c4300000)
 Metaspace       used 65738K, committed 66816K, reserved 1114112K
  class space    used 8002K, committed 8448K, reserved 1048576K
}
Event: 19.010 GC heap after
{Heap after GC invocations=43 (full 3):
 PSYoungGen      total 15872K, used 727K [0x00000000eab00000, 0x00000000ebc80000, 0x0000000100000000)
  eden space 14848K, 0% used [0x00000000eab00000,0x00000000eab00000,0x00000000eb980000)
  from space 1024K, 71% used [0x00000000ebb80000,0x00000000ebc35fc8,0x00000000ebc80000)
  to   space 1024K, 0% used [0x00000000eba80000,0x00000000eba80000,0x00000000ebb80000)
 ParOldGen       total 68608K, used 46842K [0x00000000c0000000, 0x00000000c4300000, 0x00000000eab00000)
  object space 68608K, 68% used [0x00000000c0000000,0x00000000c2dbe928,0x00000000c4300000)
 Metaspace       used 65738K, committed 66816K, reserved 1114112K
  class space    used 8002K, committed 8448K, reserved 1048576K
}
Event: 19.135 GC heap before
{Heap before GC invocations=44 (full 3):
 PSYoungGen      total 15872K, used 15575K [0x00000000eab00000, 0x00000000ebc80000, 0x0000000100000000)
  eden space 14848K, 100% used [0x00000000eab00000,0x00000000eb980000,0x00000000eb980000)
  from space 1024K, 71% used [0x00000000ebb80000,0x00000000ebc35fc8,0x00000000ebc80000)
  to   space 1024K, 0% used [0x00000000eba80000,0x00000000eba80000,0x00000000ebb80000)
 ParOldGen       total 68608K, used 46842K [0x00000000c0000000, 0x00000000c4300000, 0x00000000eab00000)
  object space 68608K, 68% used [0x00000000c0000000,0x00000000c2dbe928,0x00000000c4300000)
 Metaspace       used 66236K, committed 67264K, reserved 1114112K
  class space    used 8045K, committed 8512K, reserved 1048576K
}
Event: 19.138 GC heap after
{Heap after GC invocations=44 (full 3):
 PSYoungGen      total 15360K, used 416K [0x00000000eab00000, 0x00000000ebc00000, 0x0000000100000000)
  eden space 14848K, 0% used [0x00000000eab00000,0x00000000eab00000,0x00000000eb980000)
  from space 512K, 81% used [0x00000000eba80000,0x00000000ebae8000,0x00000000ebb00000)
  to   space 1024K, 0% used [0x00000000ebb00000,0x00000000ebb00000,0x00000000ebc00000)
 ParOldGen       total 68608K, used 47417K [0x00000000c0000000, 0x00000000c4300000, 0x00000000eab00000)
  object space 68608K, 69% used [0x00000000c0000000,0x00000000c2e4e6c0,0x00000000c4300000)
 Metaspace       used 66236K, committed 67264K, reserved 1114112K
  class space    used 8045K, committed 8512K, reserved 1048576K
}
Event: 20.029 GC heap before
{Heap before GC invocations=45 (full 3):
 PSYoungGen      total 15360K, used 15263K [0x00000000eab00000, 0x00000000ebc00000, 0x0000000100000000)
  eden space 14848K, 99% used [0x00000000eab00000,0x00000000eb97fff0,0x00000000eb980000)
  from space 512K, 81% used [0x00000000eba80000,0x00000000ebae8000,0x00000000ebb00000)
  to   space 1024K, 0% used [0x00000000ebb00000,0x00000000ebb00000,0x00000000ebc00000)
 ParOldGen       total 68608K, used 47417K [0x00000000c0000000, 0x00000000c4300000, 0x00000000eab00000)
  object space 68608K, 69% used [0x00000000c0000000,0x00000000c2e4e6c0,0x00000000c4300000)
 Metaspace       used 68005K, committed 68992K, reserved 1114112K
  class space    used 8213K, committed 8640K, reserved 1048576K
}
Event: 20.031 GC heap after
{Heap after GC invocations=45 (full 3):
 PSYoungGen      total 15872K, used 616K [0x00000000eab00000, 0x00000000ebc00000, 0x0000000100000000)
  eden space 14848K, 0% used [0x00000000eab00000,0x00000000eab00000,0x00000000eb980000)
  from space 1024K, 60% used [0x00000000ebb00000,0x00000000ebb9a0a8,0x00000000ebc00000)
  to   space 1024K, 0% used [0x00000000eba00000,0x00000000eba00000,0x00000000ebb00000)
 ParOldGen       total 68608K, used 47711K [0x00000000c0000000, 0x00000000c4300000, 0x00000000eab00000)
  object space 68608K, 69% used [0x00000000c0000000,0x00000000c2e97da0,0x00000000c4300000)
 Metaspace       used 68005K, committed 68992K, reserved 1114112K
  class space    used 8213K, committed 8640K, reserved 1048576K
}

